<?xml version="1.0" encoding="UTF-8"?>
<!-- Generated by org.testng.reporters.JUnitXMLReporter -->
<testsuite ignored="0" hostname="Rahul-Dev-Ghosh" failures="0" tests="10" name="Default test" time="39.812" errors="0" timestamp="2022-05-12T18:07:04 IST">
  <testcase classname="DataProviderTest" name="testForm" time="3.198"/>
  <testcase classname="DataProviderTest" name="testForm" time="2.891"/>
  <testcase classname="DataProviderTest" name="testForm" time="2.94"/>
  <testcase classname="DataProviderTest" name="testForm" time="2.937"/>
  <testcase classname="DataProviderTest" name="testForm" time="2.96"/>
  <testcase classname="DataProviderTest" name="testForm" time="3.008"/>
  <testcase classname="DataProviderTest" name="testForm" time="3.053"/>
  <testcase classname="DataProviderTest" name="testForm" time="2.948"/>
  <testcase classname="DataProviderTest" name="testForm" time="2.977"/>
  <testcase classname="DataProviderTest" name="testForm" time="2.89"/>
</testsuite> <!-- Default test -->
