<?xml version="1.0" encoding="UTF-8"?>
<testng-results ignored="0" total="10" passed="10" failed="0" skipped="0">
  <reporter-output>
  </reporter-output>
  <suite started-at="2022-05-12T18:06:24 IST" name="Default suite" finished-at="2022-05-12T18:07:04 IST" duration-ms="39812">
    <groups>
    </groups>
    <test started-at="2022-05-12T18:06:24 IST" name="Default test" finished-at="2022-05-12T18:07:04 IST" duration-ms="39812">
      <class name="DataProviderTest">
        <test-method is-config="true" signature="setUp()[pri:0, instance:DataProviderTest@48e1f6c7]" started-at="2022-05-12T18:06:24 IST" name="setUp" finished-at="2022-05-12T18:06:28 IST" duration-ms="4269" status="PASS">
          <reporter-output>
          </reporter-output>
        </test-method> <!-- setUp -->
        <test-method signature="testForm(java.lang.String,java.lang.String,java.lang.String,java.lang.String,java.lang.String,java.lang.String,java.lang.String,java.lang.String,java.lang.String,java.lang.String,java.lang.String)[pri:0, instance:DataProviderTest@48e1f6c7]" started-at="2022-05-12T18:06:29 IST" name="testForm" data-provider="test1" finished-at="2022-05-12T18:06:32 IST" duration-ms="3198" status="PASS">
          <params>
            <param index="0">
              <value>
                <![CDATA[Ronald]]>
              </value>
            </param>
            <param index="1">
              <value>
                <![CDATA[Osman]]>
              </value>
            </param>
            <param index="2">
              <value>
                <![CDATA[Male]]>
              </value>
            </param>
            <param index="3">
              <value>
                <![CDATA[Reading]]>
              </value>
            </param>
            <param index="4">
              <value>
                <![CDATA[Department of Engineering]]>
              </value>
            </param>
            <param index="5">
              <value>
                <![CDATA[Ronald Osman]]>
              </value>
            </param>
            <param index="6">
              <value>
                <![CDATA[Osman Ronald]]>
              </value>
            </param>
            <param index="7">
              <value>
                <![CDATA[Osman Ronald]]>
              </value>
            </param>
            <param index="8">
              <value>
                <![CDATA[Ronald_Osman2148@twace.org]]>
              </value>
            </param>
            <param index="9">
              <value>
                <![CDATA[(717)3374691]]>
              </value>
            </param>
            <param index="10">
              <value>
                <![CDATA[Bellman]]>
              </value>
            </param>
          </params>
          <reporter-output>
          </reporter-output>
        </test-method> <!-- testForm -->
        <test-method signature="testForm(java.lang.String,java.lang.String,java.lang.String,java.lang.String,java.lang.String,java.lang.String,java.lang.String,java.lang.String,java.lang.String,java.lang.String,java.lang.String)[pri:0, instance:DataProviderTest@48e1f6c7]" started-at="2022-05-12T18:06:32 IST" name="testForm" data-provider="test1" finished-at="2022-05-12T18:06:35 IST" duration-ms="2891" status="PASS">
          <params>
            <param index="0">
              <value>
                <![CDATA[Ruby]]>
              </value>
            </param>
            <param index="1">
              <value>
                <![CDATA[Ring]]>
              </value>
            </param>
            <param index="2">
              <value>
                <![CDATA[Female]]>
              </value>
            </param>
            <param index="3">
              <value>
                <![CDATA[Singing]]>
              </value>
            </param>
            <param index="4">
              <value>
                <![CDATA[MPDC]]>
              </value>
            </param>
            <param index="5">
              <value>
                <![CDATA[Ruby Ring]]>
              </value>
            </param>
            <param index="6">
              <value>
                <![CDATA[Ring Ruby]]>
              </value>
            </param>
            <param index="7">
              <value>
                <![CDATA[Ring Ruby]]>
              </value>
            </param>
            <param index="8">
              <value>
                <![CDATA[Ruby_Ring1147@nickia.com]]>
              </value>
            </param>
            <param index="9">
              <value>
                <![CDATA[(717)3374692]]>
              </value>
            </param>
            <param index="10">
              <value>
                <![CDATA[CNC Operator]]>
              </value>
            </param>
          </params>
          <reporter-output>
          </reporter-output>
        </test-method> <!-- testForm -->
        <test-method signature="testForm(java.lang.String,java.lang.String,java.lang.String,java.lang.String,java.lang.String,java.lang.String,java.lang.String,java.lang.String,java.lang.String,java.lang.String,java.lang.String)[pri:0, instance:DataProviderTest@48e1f6c7]" started-at="2022-05-12T18:06:35 IST" name="testForm" data-provider="test1" finished-at="2022-05-12T18:06:38 IST" duration-ms="2940" status="PASS">
          <params>
            <param index="0">
              <value>
                <![CDATA[Carol]]>
              </value>
            </param>
            <param index="1">
              <value>
                <![CDATA[Porter]]>
              </value>
            </param>
            <param index="2">
              <value>
                <![CDATA[Female]]>
              </value>
            </param>
            <param index="3">
              <value>
                <![CDATA[Swimming]]>
              </value>
            </param>
            <param index="4">
              <value>
                <![CDATA[MCTC]]>
              </value>
            </param>
            <param index="5">
              <value>
                <![CDATA[Carol Porter]]>
              </value>
            </param>
            <param index="6">
              <value>
                <![CDATA[Porter Carol]]>
              </value>
            </param>
            <param index="7">
              <value>
                <![CDATA[Porter Carol]]>
              </value>
            </param>
            <param index="8">
              <value>
                <![CDATA[Carol_Porter279@jiman.org]]>
              </value>
            </param>
            <param index="9">
              <value>
                <![CDATA[(717)3374693]]>
              </value>
            </param>
            <param index="10">
              <value>
                <![CDATA[Pharmacist]]>
              </value>
            </param>
          </params>
          <reporter-output>
          </reporter-output>
        </test-method> <!-- testForm -->
        <test-method signature="testForm(java.lang.String,java.lang.String,java.lang.String,java.lang.String,java.lang.String,java.lang.String,java.lang.String,java.lang.String,java.lang.String,java.lang.String,java.lang.String)[pri:0, instance:DataProviderTest@48e1f6c7]" started-at="2022-05-12T18:06:38 IST" name="testForm" data-provider="test1" finished-at="2022-05-12T18:06:41 IST" duration-ms="2937" status="PASS">
          <params>
            <param index="0">
              <value>
                <![CDATA[Rylee]]>
              </value>
            </param>
            <param index="1">
              <value>
                <![CDATA[Addison]]>
              </value>
            </param>
            <param index="2">
              <value>
                <![CDATA[Female]]>
              </value>
            </param>
            <param index="3">
              <value>
                <![CDATA[Running]]>
              </value>
            </param>
            <param index="4">
              <value>
                <![CDATA[Mayor's Office]]>
              </value>
            </param>
            <param index="5">
              <value>
                <![CDATA[Rylee Addison]]>
              </value>
            </param>
            <param index="6">
              <value>
                <![CDATA[Addison Rylee]]>
              </value>
            </param>
            <param index="7">
              <value>
                <![CDATA[Addison Rylee]]>
              </value>
            </param>
            <param index="8">
              <value>
                <![CDATA[Rylee_Addison2180@jiman.org]]>
              </value>
            </param>
            <param index="9">
              <value>
                <![CDATA[(717)3374694]]>
              </value>
            </param>
            <param index="10">
              <value>
                <![CDATA[Systems Administrator]]>
              </value>
            </param>
          </params>
          <reporter-output>
          </reporter-output>
        </test-method> <!-- testForm -->
        <test-method signature="testForm(java.lang.String,java.lang.String,java.lang.String,java.lang.String,java.lang.String,java.lang.String,java.lang.String,java.lang.String,java.lang.String,java.lang.String,java.lang.String)[pri:0, instance:DataProviderTest@48e1f6c7]" started-at="2022-05-12T18:06:41 IST" name="testForm" data-provider="test1" finished-at="2022-05-12T18:06:44 IST" duration-ms="2960" status="PASS">
          <params>
            <param index="0">
              <value>
                <![CDATA[Lindsay]]>
              </value>
            </param>
            <param index="1">
              <value>
                <![CDATA[Fenton]]>
              </value>
            </param>
            <param index="2">
              <value>
                <![CDATA[Female]]>
              </value>
            </param>
            <param index="3">
              <value>
                <![CDATA[Jogging]]>
              </value>
            </param>
            <param index="4">
              <value>
                <![CDATA[Department of Engineering]]>
              </value>
            </param>
            <param index="5">
              <value>
                <![CDATA[Lindsay Fenton]]>
              </value>
            </param>
            <param index="6">
              <value>
                <![CDATA[Fenton Lindsay]]>
              </value>
            </param>
            <param index="7">
              <value>
                <![CDATA[Fenton Lindsay]]>
              </value>
            </param>
            <param index="8">
              <value>
                <![CDATA[Lindsay_Fenton9452@hourpy.biz]]>
              </value>
            </param>
            <param index="9">
              <value>
                <![CDATA[(717)3374695]]>
              </value>
            </param>
            <param index="10">
              <value>
                <![CDATA[Call Center Representative]]>
              </value>
            </param>
          </params>
          <reporter-output>
          </reporter-output>
        </test-method> <!-- testForm -->
        <test-method signature="testForm(java.lang.String,java.lang.String,java.lang.String,java.lang.String,java.lang.String,java.lang.String,java.lang.String,java.lang.String,java.lang.String,java.lang.String,java.lang.String)[pri:0, instance:DataProviderTest@48e1f6c7]" started-at="2022-05-12T18:06:44 IST" name="testForm" data-provider="test1" finished-at="2022-05-12T18:06:47 IST" duration-ms="3008" status="PASS">
          <params>
            <param index="0">
              <value>
                <![CDATA[Juliette]]>
              </value>
            </param>
            <param index="1">
              <value>
                <![CDATA[Blythe]]>
              </value>
            </param>
            <param index="2">
              <value>
                <![CDATA[Female]]>
              </value>
            </param>
            <param index="3">
              <value>
                <![CDATA[Reading]]>
              </value>
            </param>
            <param index="4">
              <value>
                <![CDATA[MPDC]]>
              </value>
            </param>
            <param index="5">
              <value>
                <![CDATA[Juliette Blythe]]>
              </value>
            </param>
            <param index="6">
              <value>
                <![CDATA[Blythe Juliette]]>
              </value>
            </param>
            <param index="7">
              <value>
                <![CDATA[Blythe Juliette]]>
              </value>
            </param>
            <param index="8">
              <value>
                <![CDATA[Juliette_Blythe8538@fuliss.net]]>
              </value>
            </param>
            <param index="9">
              <value>
                <![CDATA[(717)3374696]]>
              </value>
            </param>
            <param index="10">
              <value>
                <![CDATA[Global Logistics Supervisor]]>
              </value>
            </param>
          </params>
          <reporter-output>
          </reporter-output>
        </test-method> <!-- testForm -->
        <test-method signature="testForm(java.lang.String,java.lang.String,java.lang.String,java.lang.String,java.lang.String,java.lang.String,java.lang.String,java.lang.String,java.lang.String,java.lang.String,java.lang.String)[pri:0, instance:DataProviderTest@48e1f6c7]" started-at="2022-05-12T18:06:47 IST" name="testForm" data-provider="test1" finished-at="2022-05-12T18:06:50 IST" duration-ms="3053" status="PASS">
          <params>
            <param index="0">
              <value>
                <![CDATA[Bernadette]]>
              </value>
            </param>
            <param index="1">
              <value>
                <![CDATA[Maxwell]]>
              </value>
            </param>
            <param index="2">
              <value>
                <![CDATA[Female]]>
              </value>
            </param>
            <param index="3">
              <value>
                <![CDATA[Singing]]>
              </value>
            </param>
            <param index="4">
              <value>
                <![CDATA[MCTC]]>
              </value>
            </param>
            <param index="5">
              <value>
                <![CDATA[Bernadette Maxwell]]>
              </value>
            </param>
            <param index="6">
              <value>
                <![CDATA[Maxwell Bernadette]]>
              </value>
            </param>
            <param index="7">
              <value>
                <![CDATA[Maxwell Bernadette]]>
              </value>
            </param>
            <param index="8">
              <value>
                <![CDATA[Bernadette_Maxwell3561@womeona.net]]>
              </value>
            </param>
            <param index="9">
              <value>
                <![CDATA[(717)3374697]]>
              </value>
            </param>
            <param index="10">
              <value>
                <![CDATA[Treasurer]]>
              </value>
            </param>
          </params>
          <reporter-output>
          </reporter-output>
        </test-method> <!-- testForm -->
        <test-method signature="testForm(java.lang.String,java.lang.String,java.lang.String,java.lang.String,java.lang.String,java.lang.String,java.lang.String,java.lang.String,java.lang.String,java.lang.String,java.lang.String)[pri:0, instance:DataProviderTest@48e1f6c7]" started-at="2022-05-12T18:06:50 IST" name="testForm" data-provider="test1" finished-at="2022-05-12T18:06:53 IST" duration-ms="2948" status="PASS">
          <params>
            <param index="0">
              <value>
                <![CDATA[George]]>
              </value>
            </param>
            <param index="1">
              <value>
                <![CDATA[Swift]]>
              </value>
            </param>
            <param index="2">
              <value>
                <![CDATA[Male]]>
              </value>
            </param>
            <param index="3">
              <value>
                <![CDATA[Swimming]]>
              </value>
            </param>
            <param index="4">
              <value>
                <![CDATA[Mayor's Office]]>
              </value>
            </param>
            <param index="5">
              <value>
                <![CDATA[George Swift]]>
              </value>
            </param>
            <param index="6">
              <value>
                <![CDATA[Swift George]]>
              </value>
            </param>
            <param index="7">
              <value>
                <![CDATA[Swift George]]>
              </value>
            </param>
            <param index="8">
              <value>
                <![CDATA[George_Swift603@bulaffy.com]]>
              </value>
            </param>
            <param index="9">
              <value>
                <![CDATA[(717)3374698]]>
              </value>
            </param>
            <param index="10">
              <value>
                <![CDATA[Auditor]]>
              </value>
            </param>
          </params>
          <reporter-output>
          </reporter-output>
        </test-method> <!-- testForm -->
        <test-method signature="testForm(java.lang.String,java.lang.String,java.lang.String,java.lang.String,java.lang.String,java.lang.String,java.lang.String,java.lang.String,java.lang.String,java.lang.String,java.lang.String)[pri:0, instance:DataProviderTest@48e1f6c7]" started-at="2022-05-12T18:06:53 IST" name="testForm" data-provider="test1" finished-at="2022-05-12T18:06:56 IST" duration-ms="2977" status="PASS">
          <params>
            <param index="0">
              <value>
                <![CDATA[Cristal]]>
              </value>
            </param>
            <param index="1">
              <value>
                <![CDATA[Brett]]>
              </value>
            </param>
            <param index="2">
              <value>
                <![CDATA[Female]]>
              </value>
            </param>
            <param index="3">
              <value>
                <![CDATA[Running]]>
              </value>
            </param>
            <param index="4">
              <value>
                <![CDATA[Department of Engineering]]>
              </value>
            </param>
            <param index="5">
              <value>
                <![CDATA[Cristal Brett]]>
              </value>
            </param>
            <param index="6">
              <value>
                <![CDATA[Brett Cristal]]>
              </value>
            </param>
            <param index="7">
              <value>
                <![CDATA[Brett Cristal]]>
              </value>
            </param>
            <param index="8">
              <value>
                <![CDATA[Cristal_Brett7261@nickia.com]]>
              </value>
            </param>
            <param index="9">
              <value>
                <![CDATA[(717)3374699]]>
              </value>
            </param>
            <param index="10">
              <value>
                <![CDATA[Laboratory Technician]]>
              </value>
            </param>
          </params>
          <reporter-output>
          </reporter-output>
        </test-method> <!-- testForm -->
        <test-method signature="testForm(java.lang.String,java.lang.String,java.lang.String,java.lang.String,java.lang.String,java.lang.String,java.lang.String,java.lang.String,java.lang.String,java.lang.String,java.lang.String)[pri:0, instance:DataProviderTest@48e1f6c7]" started-at="2022-05-12T18:06:56 IST" name="testForm" data-provider="test1" finished-at="2022-05-12T18:06:59 IST" duration-ms="2890" status="PASS">
          <params>
            <param index="0">
              <value>
                <![CDATA[Aiden]]>
              </value>
            </param>
            <param index="1">
              <value>
                <![CDATA[Osman]]>
              </value>
            </param>
            <param index="2">
              <value>
                <![CDATA[Male]]>
              </value>
            </param>
            <param index="3">
              <value>
                <![CDATA[Jogging]]>
              </value>
            </param>
            <param index="4">
              <value>
                <![CDATA[MPDC]]>
              </value>
            </param>
            <param index="5">
              <value>
                <![CDATA[Aiden Osman]]>
              </value>
            </param>
            <param index="6">
              <value>
                <![CDATA[Osman Aiden]]>
              </value>
            </param>
            <param index="7">
              <value>
                <![CDATA[Osman Aiden]]>
              </value>
            </param>
            <param index="8">
              <value>
                <![CDATA[Aiden_Osman1439@yahoo.com]]>
              </value>
            </param>
            <param index="9">
              <value>
                <![CDATA[(717)3374700]]>
              </value>
            </param>
            <param index="10">
              <value>
                <![CDATA[IT Support Staff]]>
              </value>
            </param>
          </params>
          <reporter-output>
          </reporter-output>
        </test-method> <!-- testForm -->
        <test-method is-config="true" signature="tearDown()[pri:0, instance:DataProviderTest@48e1f6c7]" started-at="2022-05-12T18:06:59 IST" name="tearDown" finished-at="2022-05-12T18:07:04 IST" duration-ms="5064" status="PASS">
          <reporter-output>
          </reporter-output>
        </test-method> <!-- tearDown -->
      </class> <!-- DataProviderTest -->
    </test> <!-- Default test -->
  </suite> <!-- Default suite -->
</testng-results>
